<?xml version="1.0" encoding="UTF-8"?>
<!-- Generated by org.testng.reporters.JUnitXMLReporter -->
<testsuite ignored="0" hostname="LAPTOP-FG1IDA2R" failures="0" tests="3" name="Surefire test" time="124.21" errors="0" timestamp="2025-08-22T09:28:17 ICT">
  <testcase classname="io.cucumber.testng.AbstractTestNGCucumberTests" name="runScenario" time="51.116"/>
  <testcase classname="tests.ElementExplorerTest" name="exploreForgotPasswordPage" time="17.669"/>
  <testcase classname="tests.LoginTest" name="testForgotPasswordFlow" time="20.768"/>
</testsuite> <!-- Surefire test -->
