<?xml version="1.0" encoding="UTF-8"?>
<testng-results ignored="0" total="3" passed="3" failed="0" skipped="0">
  <reporter-output>
  </reporter-output>
  <suite started-at="2025-08-22T09:26:13 ICT" name="Surefire suite" finished-at="2025-08-22T09:28:17 ICT" duration-ms="124210">
    <groups>
      <group name="cucumber">
        <method signature="AbstractTestNGCucumberTests.runScenario(io.cucumber.testng.PickleWrapper,io.cucumber.testng.FeatureWrapper)[pri:0, instance:runner.TestRunner@3d5790ea]" name="runScenario" class="io.cucumber.testng.AbstractTestNGCucumberTests"/>
      </group> <!-- cucumber -->
    </groups>
    <test started-at="2025-08-22T09:26:13 ICT" name="Surefire test" finished-at="2025-08-22T09:28:17 ICT" duration-ms="124210">
      <class name="tests.LoginTest">
        <test-method is-config="true" signature="setUp()[pri:0, instance:tests.LoginTest@5c8e67b9]" started-at="2025-08-22T09:27:36 ICT" name="setUp" finished-at="2025-08-22T09:27:50 ICT" duration-ms="13772" status="PASS">
          <reporter-output>
          </reporter-output>
        </test-method> <!-- setUp -->
        <test-method signature="testForgotPasswordFlow()[pri:0, instance:tests.LoginTest@5c8e67b9]" started-at="2025-08-22T09:27:50 ICT" name="testForgotPasswordFlow" finished-at="2025-08-22T09:28:11 ICT" duration-ms="20768" status="PASS">
          <reporter-output>
          </reporter-output>
        </test-method> <!-- testForgotPasswordFlow -->
        <test-method is-config="true" signature="cleanupAfterTest()[pri:0, instance:tests.LoginTest@5c8e67b9]" started-at="2025-08-22T09:28:12 ICT" name="cleanupAfterTest" finished-at="2025-08-22T09:28:17 ICT" duration-ms="5622" status="PASS">
          <reporter-output>
          </reporter-output>
        </test-method> <!-- cleanupAfterTest -->
        <test-method is-config="true" signature="tearDown()[pri:0, instance:tests.LoginTest@5c8e67b9]" started-at="2025-08-22T09:28:17 ICT" name="tearDown" finished-at="2025-08-22T09:28:17 ICT" duration-ms="2" status="PASS">
          <reporter-output>
          </reporter-output>
        </test-method> <!-- tearDown -->
      </class> <!-- tests.LoginTest -->
      <class name="tests.ElementExplorerTest">
        <test-method is-config="true" signature="setUp()[pri:0, instance:tests.ElementExplorerTest@42714a7]" started-at="2025-08-22T09:27:11 ICT" name="setUp" finished-at="2025-08-22T09:27:16 ICT" duration-ms="4615" status="PASS">
          <reporter-output>
          </reporter-output>
        </test-method> <!-- setUp -->
        <test-method signature="exploreForgotPasswordPage()[pri:0, instance:tests.ElementExplorerTest@42714a7]" started-at="2025-08-22T09:27:16 ICT" name="exploreForgotPasswordPage" finished-at="2025-08-22T09:27:33 ICT" duration-ms="17669" status="PASS">
          <reporter-output>
          </reporter-output>
        </test-method> <!-- exploreForgotPasswordPage -->
        <test-method is-config="true" signature="tearDown()[pri:0, instance:tests.ElementExplorerTest@42714a7]" started-at="2025-08-22T09:27:34 ICT" name="tearDown" finished-at="2025-08-22T09:27:36 ICT" duration-ms="2363" status="PASS">
          <reporter-output>
          </reporter-output>
        </test-method> <!-- tearDown -->
      </class> <!-- tests.ElementExplorerTest -->
      <class name="runner.TestRunner">
        <test-method is-config="true" signature="setUpClass(org.testng.ITestContext)[pri:0, instance:runner.TestRunner@3d5790ea]" started-at="2025-08-22T09:26:13 ICT" name="setUpClass" finished-at="2025-08-22T09:26:20 ICT" duration-ms="6574" status="PASS">
          <params>
            <param index="0">
              <value>
                <![CDATA[org.testng.TestRunner@475a8415]]>
              </value>
            </param>
          </params>
          <reporter-output>
          </reporter-output>
        </test-method> <!-- setUpClass -->
        <test-method signature="runScenario(io.cucumber.testng.PickleWrapper,io.cucumber.testng.FeatureWrapper)[pri:0, instance:runner.TestRunner@3d5790ea]" started-at="2025-08-22T09:26:20 ICT" name="runScenario" description="Runs Cucumber Scenarios" data-provider="scenarios" finished-at="2025-08-22T09:27:11 ICT" duration-ms="51116" status="PASS">
          <params>
            <param index="0">
              <value>
                <![CDATA["Complete forgot password flow and login"]]>
              </value>
            </param>
            <param index="1">
              <value>
                <![CDATA["Forgot Password Flow on The Internet"]]>
              </value>
            </param>
          </params>
          <reporter-output>
          </reporter-output>
        </test-method> <!-- runScenario -->
        <test-method is-config="true" signature="tearDownClass()[pri:0, instance:runner.TestRunner@3d5790ea]" started-at="2025-08-22T09:27:11 ICT" name="tearDownClass" finished-at="2025-08-22T09:27:11 ICT" duration-ms="135" status="PASS">
          <reporter-output>
          </reporter-output>
        </test-method> <!-- tearDownClass -->
      </class> <!-- runner.TestRunner -->
    </test> <!-- Surefire test -->
  </suite> <!-- Surefire suite -->
</testng-results>
