<?xml version="1.0" encoding="UTF-8"?>
<testsuite xmlns:xsi="http://www.w3.org/2001/XMLSchema-instance" xsi:noNamespaceSchemaLocation="https://maven.apache.org/surefire/maven-surefire-plugin/xsd/surefire-test-report-3.0.xsd" version="3.0" name="TestSuite" time="132.548" tests="3" errors="0" skipped="0" failures="0">
  <properties>
[...]
</properties>
  <testcase name="runScenario[&quot;Complete forgot password flow and login&quot;, &quot;Forgot Password Flow on The Internet&quot;](1)" classname="runner.TestRunner" time="51.266">
    <system-out><![CDATA[
Scenario: Complete forgot password flow and login                      &amp#27;[90m# src/test/resources/theinternet.feature:3&amp#27;[0m
  &amp#27;[32mGiven &amp#27;[0m&amp#27;[32mI am on the login page&amp#27;[0m                                         &amp#27;[90m# stepdefs.SaucedemoSteps.i_am_on_the_login_page()&amp#27;[0m
  &amp#27;[32mWhen &amp#27;[0m&amp#27;[32mI navigate to the forgot password page&amp#27;[0m                          &amp#27;[90m# stepdefs.SaucedemoSteps.i_navigate_to_forgot_password_page()&amp#27;[0m
  &amp#27;[32mAnd &amp#27;[0m&amp#27;[32mI submit a forgot password request with email &amp#27;[0m&amp#27;[32m&amp#27;[1m"test@example.com"&amp#27;[0m &amp#27;[90m# stepdefs.SaucedemoSteps.i_submit_forgot_password_request_with_email(java.lang.String)&amp#27;[0m
Received message: Internal Server Error
  &amp#27;[32mAnd &amp#27;[0m&amp#27;[32mI verify the confirmation message&amp#27;[0m                                &amp#27;[90m# stepdefs.SaucedemoSteps.i_verify_the_confirmation_message()&amp#27;[0m
  &amp#27;[32mAnd &amp#27;[0m&amp#27;[32mI return to the login page&amp#27;[0m                                       &amp#27;[90m# stepdefs.SaucedemoSteps.i_return_to_the_login_page()&amp#27;[0m
  &amp#27;[32mAnd &amp#27;[0m&amp#27;[32mI login with valid credentials&amp#27;[0m                                   &amp#27;[90m# stepdefs.SaucedemoSteps.i_login_with_valid_credentials()&amp#27;[0m
  &amp#27;[32mThen &amp#27;[0m&amp#27;[32mI should be logged in successfully&amp#27;[0m                              &amp#27;[90m# stepdefs.SaucedemoSteps.i_should_be_logged_in_successfully()&amp#27;[0m
]]></system-out>
    <system-err><![CDATA[SLF4J(W): No SLF4J providers were found.
SLF4J(W): Defaulting to no-operation (NOP) logger implementation
SLF4J(W): See https://www.slf4j.org/codes.html#noProviders for further details.
Aug 22, 2025 9:26:43 AM org.openqa.selenium.devtools.CdpVersionFinder findNearestMatch
WARNING: Unable to find CDP implementation matching 139
Aug 22, 2025 9:26:44 AM org.openqa.selenium.chromium.ChromiumDriver lambda$new$5
WARNING: Unable to find version of CDP to use for 139.0.7258.128. You may need to include a dependency on a specific version of the CDP using something similar to `org.seleniumhq.selenium:selenium-devtools-v86:4.12.1` where the version ("v86") matches the version of the chromium-based browser you're using and the version number of the artifact is the same as Selenium's.
]]></system-err>
  </testcase>
  <testcase name="exploreForgotPasswordPage" classname="tests.ElementExplorerTest" time="17.649">
    <system-out><![CDATA[=== FORGOT PASSWORD PAGE ELEMENTS ===
Page title: The Internet
Current URL: https://the-internet.herokuapp.com/forgot_password

=== INPUT ELEMENTS ===
Input 0:
  ID: email
  Name: email
  Type: text
  Class: 

=== BUTTON ELEMENTS ===
Button 0:
  ID: form_submit
  Type: submit
  Text: Retrieve password
  Class: radius

=== AFTER SUBMIT ===
New URL: https://the-internet.herokuapp.com/forgot_password

=== DIV ELEMENTS AFTER SUBMIT ===
]]></system-out>
    <system-err><![CDATA[Aug 22, 2025 9:27:16 AM org.openqa.selenium.devtools.CdpVersionFinder findNearestMatch
WARNING: Unable to find CDP implementation matching 139
Aug 22, 2025 9:27:16 AM org.openqa.selenium.chromium.ChromiumDriver lambda$new$5
WARNING: Unable to find version of CDP to use for 139.0.7258.128. You may need to include a dependency on a specific version of the CDP using something similar to `org.seleniumhq.selenium:selenium-devtools-v86:4.12.1` where the version ("v86") matches the version of the chromium-based browser you're using and the version number of the artifact is the same as Selenium's.
]]></system-err>
  </testcase>
  <testcase name="testForgotPasswordFlow" classname="tests.LoginTest" time="21.885">
    <system-out><![CDATA[Confirmation message: Internal Server Error
]]></system-out>
    <system-err><![CDATA[Aug 22, 2025 9:27:41 AM org.openqa.selenium.devtools.CdpVersionFinder findNearestMatch
WARNING: Unable to find CDP implementation matching 139
Aug 22, 2025 9:27:41 AM org.openqa.selenium.chromium.ChromiumDriver lambda$new$5
WARNING: Unable to find version of CDP to use for 139.0.7258.128. You may need to include a dependency on a specific version of the CDP using something similar to `org.seleniumhq.selenium:selenium-devtools-v86:4.12.1` where the version ("v86") matches the version of the chromium-based browser you're using and the version number of the artifact is the same as Selenium's.
]]></system-err>
  </testcase>
</testsuite>